{"/home/t1st3/Repo/dev/btoa-umd/master/src/btoa-umd.js":{"path":"/home/t1st3/Repo/dev/btoa-umd/master/src/btoa-umd.js","s":{"1":1,"2":1,"3":0,"4":1,"5":1,"6":0,"7":1,"8":5,"9":5,"10":5,"11":1,"12":1,"13":4,"14":1,"15":4,"16":1,"17":3,"18":3,"19":3,"20":0,"21":3,"22":3,"23":3,"24":0,"25":0,"26":0,"27":3,"28":0,"29":3,"30":3,"31":3,"32":1,"33":2,"34":1,"35":1,"36":1,"37":4,"38":4,"39":4,"40":4,"41":4,"42":4,"43":4,"44":4,"45":0,"46":4,"47":1,"48":4,"49":1,"50":1},"b":{"1":[0,1],"2":[1,0],"3":[1,0],"4":[1,4],"5":[1,3],"6":[4,3],"7":[0,3],"8":[3,0],"9":[3,0],"10":[0,3],"11":[0,0],"12":[0,3],"13":[1,1],"14":[2,1],"15":[0,4],"16":[1,3]},"f":{"1":1,"2":1,"3":5,"4":4,"5":2},"fnMap":{"1":{"name":"(anonymous_1)","line":15,"loc":{"start":{"line":15,"column":1},"end":{"line":15,"column":26}}},"2":{"name":"(anonymous_2)","line":29,"loc":{"start":{"line":29,"column":8},"end":{"line":29,"column":20}}},"3":{"name":"(anonymous_3)","line":41,"loc":{"start":{"line":41,"column":13},"end":{"line":41,"column":26}}},"4":{"name":"(anonymous_4)","line":60,"loc":{"start":{"line":60,"column":26},"end":{"line":60,"column":39}}},"5":{"name":"(anonymous_5)","line":102,"loc":{"start":{"line":102,"column":16},"end":{"line":102,"column":29}}}},"statementMap":{"1":{"start":{"line":15,"column":0},"end":{"line":134,"column":4}},"2":{"start":{"line":17,"column":2},"end":{"line":28,"column":3}},"3":{"start":{"line":19,"column":4},"end":{"line":19,"column":24}},"4":{"start":{"line":21,"column":9},"end":{"line":28,"column":3}},"5":{"start":{"line":23,"column":4},"end":{"line":23,"column":31}},"6":{"start":{"line":27,"column":4},"end":{"line":27,"column":26}},"7":{"start":{"line":41,"column":2},"end":{"line":51,"column":4}},"8":{"start":{"line":42,"column":4},"end":{"line":42,"column":16}},"9":{"start":{"line":43,"column":4},"end":{"line":43,"column":16}},"10":{"start":{"line":45,"column":4},"end":{"line":48,"column":5}},"11":{"start":{"line":46,"column":6},"end":{"line":46,"column":21}},"12":{"start":{"line":47,"column":6},"end":{"line":47,"column":18}},"13":{"start":{"line":50,"column":4},"end":{"line":50,"column":16}},"14":{"start":{"line":60,"column":2},"end":{"line":93,"column":4}},"15":{"start":{"line":62,"column":4},"end":{"line":65,"column":5}},"16":{"start":{"line":64,"column":6},"end":{"line":64,"column":18}},"17":{"start":{"line":66,"column":4},"end":{"line":66,"column":15}},"18":{"start":{"line":68,"column":4},"end":{"line":69,"column":11}},"19":{"start":{"line":70,"column":4},"end":{"line":74,"column":5}},"20":{"start":{"line":71,"column":6},"end":{"line":71,"column":21}},"21":{"start":{"line":72,"column":11},"end":{"line":74,"column":5}},"22":{"start":{"line":73,"column":6},"end":{"line":73,"column":22}},"23":{"start":{"line":76,"column":4},"end":{"line":90,"column":5}},"24":{"start":{"line":78,"column":6},"end":{"line":82,"column":7}},"25":{"start":{"line":79,"column":8},"end":{"line":79,"column":32}},"26":{"start":{"line":81,"column":8},"end":{"line":81,"column":32}},"27":{"start":{"line":84,"column":6},"end":{"line":88,"column":7}},"28":{"start":{"line":85,"column":8},"end":{"line":85,"column":19}},"29":{"start":{"line":87,"column":8},"end":{"line":87,"column":52}},"30":{"start":{"line":89,"column":6},"end":{"line":89,"column":41}},"31":{"start":{"line":92,"column":4},"end":{"line":92,"column":16}},"32":{"start":{"line":102,"column":2},"end":{"line":131,"column":4}},"33":{"start":{"line":103,"column":4},"end":{"line":105,"column":5}},"34":{"start":{"line":104,"column":6},"end":{"line":104,"column":16}},"35":{"start":{"line":106,"column":4},"end":{"line":110,"column":83}},"36":{"start":{"line":112,"column":4},"end":{"line":129,"column":5}},"37":{"start":{"line":113,"column":6},"end":{"line":113,"column":33}},"38":{"start":{"line":114,"column":6},"end":{"line":114,"column":37}},"39":{"start":{"line":115,"column":6},"end":{"line":115,"column":37}},"40":{"start":{"line":116,"column":6},"end":{"line":116,"column":31}},"41":{"start":{"line":117,"column":6},"end":{"line":117,"column":57}},"42":{"start":{"line":118,"column":6},"end":{"line":118,"column":58}},"43":{"start":{"line":119,"column":6},"end":{"line":119,"column":31}},"44":{"start":{"line":120,"column":6},"end":{"line":124,"column":7}},"45":{"start":{"line":121,"column":8},"end":{"line":121,"column":33}},"46":{"start":{"line":122,"column":13},"end":{"line":124,"column":7}},"47":{"start":{"line":123,"column":8},"end":{"line":123,"column":22}},"48":{"start":{"line":125,"column":6},"end":{"line":128,"column":34}},"49":{"start":{"line":130,"column":4},"end":{"line":130,"column":28}},"50":{"start":{"line":133,"column":2},"end":{"line":133,"column":14}}},"branchMap":{"1":{"line":17,"type":"if","locations":[{"start":{"line":17,"column":2},"end":{"line":17,"column":2}},{"start":{"line":17,"column":2},"end":{"line":17,"column":2}}]},"2":{"line":17,"type":"binary-expr","locations":[{"start":{"line":17,"column":6},"end":{"line":17,"column":34}},{"start":{"line":17,"column":38},"end":{"line":17,"column":48}}]},"3":{"line":21,"type":"if","locations":[{"start":{"line":21,"column":9},"end":{"line":21,"column":9}},{"start":{"line":21,"column":9},"end":{"line":21,"column":9}}]},"4":{"line":45,"type":"if","locations":[{"start":{"line":45,"column":4},"end":{"line":45,"column":4}},{"start":{"line":45,"column":4},"end":{"line":45,"column":4}}]},"5":{"line":62,"type":"if","locations":[{"start":{"line":62,"column":4},"end":{"line":62,"column":4}},{"start":{"line":62,"column":4},"end":{"line":62,"column":4}}]},"6":{"line":62,"type":"binary-expr","locations":[{"start":{"line":62,"column":8},"end":{"line":62,"column":10}},{"start":{"line":62,"column":14},"end":{"line":62,"column":36}}]},"7":{"line":70,"type":"if","locations":[{"start":{"line":70,"column":4},"end":{"line":70,"column":4}},{"start":{"line":70,"column":4},"end":{"line":70,"column":4}}]},"8":{"line":70,"type":"binary-expr","locations":[{"start":{"line":70,"column":8},"end":{"line":70,"column":36}},{"start":{"line":70,"column":40},"end":{"line":70,"column":50}}]},"9":{"line":72,"type":"if","locations":[{"start":{"line":72,"column":11},"end":{"line":72,"column":11}},{"start":{"line":72,"column":11},"end":{"line":72,"column":11}}]},"10":{"line":76,"type":"if","locations":[{"start":{"line":76,"column":4},"end":{"line":76,"column":4}},{"start":{"line":76,"column":4},"end":{"line":76,"column":4}}]},"11":{"line":78,"type":"if","locations":[{"start":{"line":78,"column":6},"end":{"line":78,"column":6}},{"start":{"line":78,"column":6},"end":{"line":78,"column":6}}]},"12":{"line":84,"type":"if","locations":[{"start":{"line":84,"column":6},"end":{"line":84,"column":6}},{"start":{"line":84,"column":6},"end":{"line":84,"column":6}}]},"13":{"line":103,"type":"if","locations":[{"start":{"line":103,"column":4},"end":{"line":103,"column":4}},{"start":{"line":103,"column":4},"end":{"line":103,"column":4}}]},"14":{"line":103,"type":"binary-expr","locations":[{"start":{"line":103,"column":8},"end":{"line":103,"column":10}},{"start":{"line":103,"column":14},"end":{"line":103,"column":36}}]},"15":{"line":120,"type":"if","locations":[{"start":{"line":120,"column":6},"end":{"line":120,"column":6}},{"start":{"line":120,"column":6},"end":{"line":120,"column":6}}]},"16":{"line":122,"type":"if","locations":[{"start":{"line":122,"column":13},"end":{"line":122,"column":13}},{"start":{"line":122,"column":13},"end":{"line":122,"column":13}}]}}}}