TN:
SF:/home/t1st3/Repo/dev/btoa-umd/master/src/btoa-umd.js
FN:15,(anonymous_1)
FN:29,(anonymous_2)
FN:41,(anonymous_3)
FN:60,(anonymous_4)
FN:102,(anonymous_5)
FNF:5
FNH:5
FNDA:1,(anonymous_1)
FNDA:1,(anonymous_2)
FNDA:6,(anonymous_3)
FNDA:5,(anonymous_4)
FNDA:3,(anonymous_5)
DA:15,1
DA:17,1
DA:19,0
DA:21,1
DA:23,1
DA:27,0
DA:41,1
DA:42,6
DA:43,6
DA:45,6
DA:46,1
DA:47,1
DA:50,5
DA:60,1
DA:62,5
DA:64,1
DA:66,4
DA:68,4
DA:70,4
DA:71,0
DA:72,4
DA:73,4
DA:76,4
DA:78,0
DA:79,0
DA:81,0
DA:84,4
DA:85,1
DA:87,3
DA:89,4
DA:92,4
DA:102,1
DA:103,3
DA:104,1
DA:106,2
DA:112,2
DA:113,5
DA:114,5
DA:115,5
DA:116,5
DA:117,5
DA:118,5
DA:119,5
DA:120,5
DA:121,1
DA:122,4
DA:123,1
DA:125,5
DA:130,2
DA:133,1
LF:50
LH:44
BRDA:17,1,0,0
BRDA:17,1,1,1
BRDA:17,2,0,1
BRDA:17,2,1,0
BRDA:21,3,0,1
BRDA:21,3,1,0
BRDA:45,4,0,1
BRDA:45,4,1,5
BRDA:62,5,0,1
BRDA:62,5,1,4
BRDA:62,6,0,5
BRDA:62,6,1,4
BRDA:70,7,0,0
BRDA:70,7,1,4
BRDA:70,8,0,4
BRDA:70,8,1,0
BRDA:72,9,0,4
BRDA:72,9,1,0
BRDA:76,10,0,0
BRDA:76,10,1,4
BRDA:78,11,0,0
BRDA:78,11,1,0
BRDA:84,12,0,1
BRDA:84,12,1,3
BRDA:103,13,0,1
BRDA:103,13,1,2
BRDA:103,14,0,3
BRDA:103,14,1,2
BRDA:120,15,0,1
BRDA:120,15,1,4
BRDA:122,16,0,1
BRDA:122,16,1,3
BRF:32
BRH:23
end_of_record
