TN:
SF:/home/tiste/Repo/t1st3/dev/btoa-umd/master/src/btoa-umd.js
FN:15,(anonymous_1)
FN:29,(anonymous_2)
FN:41,(anonymous_3)
FN:67,(anonymous_4)
FN:103,(anonymous_5)
FNF:5
FNH:5
FNDA:3,(anonymous_1)
FNDA:3,(anonymous_2)
FNDA:20,(anonymous_3)
FNDA:17,(anonymous_4)
FNDA:9,(anonymous_5)
DA:15,3
DA:17,3
DA:19,1
DA:21,2
DA:23,1
DA:27,1
DA:41,3
DA:42,20
DA:43,20
DA:44,20
DA:45,7
DA:46,13
DA:47,6
DA:49,7
DA:52,20
DA:53,3
DA:54,3
DA:57,17
DA:67,3
DA:69,17
DA:71,3
DA:73,14
DA:75,14
DA:77,14
DA:79,10
DA:80,10
DA:82,0
DA:85,4
DA:86,1
DA:88,3
DA:90,4
DA:93,14
DA:103,3
DA:104,9
DA:105,3
DA:107,6
DA:113,6
DA:114,15
DA:115,15
DA:116,15
DA:117,15
DA:118,15
DA:119,15
DA:120,15
DA:121,15
DA:122,3
DA:123,12
DA:124,3
DA:126,15
DA:131,6
DA:134,3
LF:51
LH:50
BRDA:17,1,0,1
BRDA:17,1,1,2
BRDA:17,2,0,3
BRDA:17,2,1,1
BRDA:21,3,0,1
BRDA:21,3,1,1
BRDA:44,4,0,7
BRDA:44,4,1,13
BRDA:44,5,0,20
BRDA:44,5,1,7
BRDA:46,6,0,6
BRDA:46,6,1,7
BRDA:52,7,0,3
BRDA:52,7,1,17
BRDA:69,8,0,3
BRDA:69,8,1,14
BRDA:69,9,0,17
BRDA:69,9,1,14
BRDA:77,10,0,10
BRDA:77,10,1,4
BRDA:79,11,0,10
BRDA:79,11,1,0
BRDA:85,12,0,1
BRDA:85,12,1,3
BRDA:104,13,0,3
BRDA:104,13,1,6
BRDA:104,14,0,9
BRDA:104,14,1,6
BRDA:121,15,0,3
BRDA:121,15,1,12
BRDA:123,16,0,3
BRDA:123,16,1,9
BRF:32
BRH:31
end_of_record
